2024-10-05 19:12:07 INFO  TC001_AccountRegistrationTest:15 - ***** Starting TC001_AccountRegistrationTest  ****
2024-10-05 19:12:08 INFO  TC001_AccountRegistrationTest:20 - Clicked on MyAccount Link.. 
2024-10-05 19:12:09 INFO  TC001_AccountRegistrationTest:23 - Clicked on Register Link.. 
2024-10-05 19:12:11 INFO  TC001_AccountRegistrationTest:38 - Validating expected message..
2024-10-05 19:12:11 INFO  TC001_AccountRegistrationTest:43 - Test passed
2024-10-05 19:12:11 INFO  TC001_AccountRegistrationTest:52 - ***** Finished TC001_AccountRegistrationTest *****
2024-10-05 19:12:16 INFO  TC002_LoginTest:18 - ***** Starting TC002_LoginTest  ****
2024-10-05 19:12:18 INFO  TC002_LoginTest:43 - ***** Finished TC002_LoginTest  ****
2024-10-05 19:17:58 INFO  TC001_AccountRegistrationTest:15 - ***** Starting TC001_AccountRegistrationTest  ****
2024-10-05 19:17:59 INFO  TC001_AccountRegistrationTest:20 - Clicked on MyAccount Link.. 
2024-10-05 19:18:00 INFO  TC001_AccountRegistrationTest:23 - Clicked on Register Link.. 
2024-10-05 19:18:02 INFO  TC001_AccountRegistrationTest:38 - Validating expected message..
2024-10-05 19:18:02 INFO  TC001_AccountRegistrationTest:43 - Test passed
2024-10-05 19:18:02 INFO  TC001_AccountRegistrationTest:52 - ***** Finished TC001_AccountRegistrationTest *****
2024-10-05 19:18:09 INFO  TC002_LoginTest:18 - ***** Starting TC002_LoginTest  ****
2024-10-05 19:18:11 INFO  TC002_LoginTest:43 - ***** Finished TC002_LoginTest  ****
2024-10-05 19:23:52 INFO  TC001_AccountRegistrationTest:15 - ***** Starting TC001_AccountRegistrationTest  ****
2024-10-05 19:23:52 INFO  TC001_AccountRegistrationTest:20 - Clicked on MyAccount Link.. 
2024-10-05 19:23:53 INFO  TC001_AccountRegistrationTest:23 - Clicked on Register Link.. 
2024-10-05 19:23:55 INFO  TC001_AccountRegistrationTest:38 - Validating expected message..
2024-10-05 19:23:55 INFO  TC001_AccountRegistrationTest:43 - Test passed
2024-10-05 19:23:55 INFO  TC001_AccountRegistrationTest:52 - ***** Finished TC001_AccountRegistrationTest *****
2024-10-05 19:24:00 INFO  TC002_LoginTest:18 - ***** Starting TC002_LoginTest  ****
2024-10-05 19:24:01 INFO  TC002_LoginTest:43 - ***** Finished TC002_LoginTest  ****
